
> my-v0-project@0.1.0 dev /Users/jaeheesong/projects/node/myjob
> next dev

   ▲ Next.js 15.2.4
   - Local:        http://localhost:3000
   - Network:      http://192.168.0.56:3000
   - Environments: .env.local

 ✓ Starting...
 ✓ Ready in 954ms
 ○ Compiling /resumes ...
 ✓ Compiled /resumes in 3.3s (1188 modules)
 GET /resumes 200 in 3612ms
 ✓ Compiled /_not-found in 447ms (1169 modules)
 GET /.well-known/appspecific/com.chrome.devtools.json 404 in 279ms
 ○ Compiling /api/resumes ...
 ✓ Compiled /api/resumes in 864ms (1546 modules)
GET /api/resumes - Starting request
Initializing Firebase Admin...
Trying to read Firebase service account from local file
Firebase Admin initialized with local file
User authenticated: pmlvQ4Y2J6a8l8SeXLCCtZujFkK2
Firebase Admin already initialized
Querying resumes for user: pmlvQ4Y2J6a8l8SeXLCCtZujFkK2
Get resumes error: Error: 9 FAILED_PRECONDITION: The query requires an index. You can create it here: https://console.firebase.google.com/v1/r/project/myresume-457817/firestore/indexes?create_composite=Ck9wcm9qZWN0cy9teXJlc3VtZS00NTc4MTcvZGF0YWJhc2VzLyhkZWZhdWx0KS9jb2xsZWN0aW9uR3JvdXBzL3Jlc3VtZXMvaW5kZXhlcy9fEAEaCgoGdXNlcklkEAEaDQoJY3JlYXRlZEF0EAIaDAoIX19uYW1lX18QAg
    at GET (app/api/resumes/route.ts:94:7)
  92 |       .where('userId', '==', user.uid)
  93 |       .orderBy('createdAt', 'desc')
> 94 |       .get();
     |       ^
  95 |
  96 |     const resumes: Resume[] = [];
  97 |     snapshot.forEach((doc) => { {
  code: 9,
  details: 'The query requires an index. You can create it here: https://console.firebase.google.com/v1/r/project/myresume-457817/firestore/indexes?create_composite=Ck9wcm9qZWN0cy9teXJlc3VtZS00NTc4MTcvZGF0YWJhc2VzLyhkZWZhdWx0KS9jb2xsZWN0aW9uR3JvdXBzL3Jlc3VtZXMvaW5kZXhlcy9fEAEaCgoGdXNlcklkEAEaDQoJY3JlYXRlZEF0EAIaDAoIX19uYW1lX18QAg',
  metadata: [Metadata]
}
 GET /api/resumes 500 in 1932ms
Firebase Admin already initialized
Firebase Admin already initialized
 POST /api/resumes 200 in 870ms
 ✓ Compiled / in 297ms (1579 modules)
 GET / 200 in 349ms
GET /api/resumes - Starting request
Firebase Admin already initialized
User authenticated: pmlvQ4Y2J6a8l8SeXLCCtZujFkK2
Firebase Admin already initialized
Querying resumes for user: pmlvQ4Y2J6a8l8SeXLCCtZujFkK2
Get resumes error: Error: 9 FAILED_PRECONDITION: The query requires an index. You can create it here: https://console.firebase.google.com/v1/r/project/myresume-457817/firestore/indexes?create_composite=Ck9wcm9qZWN0cy9teXJlc3VtZS00NTc4MTcvZGF0YWJhc2VzLyhkZWZhdWx0KS9jb2xsZWN0aW9uR3JvdXBzL3Jlc3VtZXMvaW5kZXhlcy9fEAEaCgoGdXNlcklkEAEaDQoJY3JlYXRlZEF0EAIaDAoIX19uYW1lX18QAg
    at GET (app/api/resumes/route.ts:94:7)
  92 |       .where('userId', '==', user.uid)
  93 |       .orderBy('createdAt', 'desc')
> 94 |       .get();
     |       ^
  95 |
  96 |     const resumes: Resume[] = [];
  97 |     snapshot.forEach((doc) => { {
  code: 9,
  details: 'The query requires an index. You can create it here: https://console.firebase.google.com/v1/r/project/myresume-457817/firestore/indexes?create_composite=Ck9wcm9qZWN0cy9teXJlc3VtZS00NTc4MTcvZGF0YWJhc2VzLyhkZWZhdWx0KS9jb2xsZWN0aW9uR3JvdXBzL3Jlc3VtZXMvaW5kZXhlcy9fEAEaCgoGdXNlcklkEAEaDQoJY3JlYXRlZEF0EAIaDAoIX19uYW1lX18QAg',
  metadata: [Metadata]
}
 GET /api/resumes 500 in 126ms
 GET /resumes 200 in 8ms
 GET / 200 in 8ms
 GET /resumes 200 in 8ms
GET /api/resumes - Starting request
Firebase Admin already initialized
User authenticated: pmlvQ4Y2J6a8l8SeXLCCtZujFkK2
Firebase Admin already initialized
Querying resumes for user: pmlvQ4Y2J6a8l8SeXLCCtZujFkK2
Get resumes error: Error: 9 FAILED_PRECONDITION: The query requires an index. You can create it here: https://console.firebase.google.com/v1/r/project/myresume-457817/firestore/indexes?create_composite=Ck9wcm9qZWN0cy9teXJlc3VtZS00NTc4MTcvZGF0YWJhc2VzLyhkZWZhdWx0KS9jb2xsZWN0aW9uR3JvdXBzL3Jlc3VtZXMvaW5kZXhlcy9fEAEaCgoGdXNlcklkEAEaDQoJY3JlYXRlZEF0EAIaDAoIX19uYW1lX18QAg
    at GET (app/api/resumes/route.ts:94:7)
  92 |       .where('userId', '==', user.uid)
  93 |       .orderBy('createdAt', 'desc')
> 94 |       .get();
     |       ^
  95 |
  96 |     const resumes: Resume[] = [];
  97 |     snapshot.forEach((doc) => { {
  code: 9,
  details: 'The query requires an index. You can create it here: https://console.firebase.google.com/v1/r/project/myresume-457817/firestore/indexes?create_composite=Ck9wcm9qZWN0cy9teXJlc3VtZS00NTc4MTcvZGF0YWJhc2VzLyhkZWZhdWx0KS9jb2xsZWN0aW9uR3JvdXBzL3Jlc3VtZXMvaW5kZXhlcy9fEAEaCgoGdXNlcklkEAEaDQoJY3JlYXRlZEF0EAIaDAoIX19uYW1lX18QAg',
  metadata: [Metadata]
}
 GET /api/resumes 500 in 112ms
Firebase Admin already initialized
Firebase Admin already initialized
 POST /api/resumes 200 in 856ms
 ✓ Compiled /api/resumes/[id] in 137ms (1581 modules)
 PUT /api/resumes/XILeTqR70b7WD2Zo0CrE 200 in 720ms
 GET /resumes 200 in 24ms
 GET / 200 in 6ms
 GET /resumes 200 in 5ms
GET /api/resumes - Starting request
Firebase Admin already initialized
User authenticated: pmlvQ4Y2J6a8l8SeXLCCtZujFkK2
Firebase Admin already initialized
Querying resumes for user: pmlvQ4Y2J6a8l8SeXLCCtZujFkK2
Get resumes error: Error: 9 FAILED_PRECONDITION: The query requires an index. You can create it here: https://console.firebase.google.com/v1/r/project/myresume-457817/firestore/indexes?create_composite=Ck9wcm9qZWN0cy9teXJlc3VtZS00NTc4MTcvZGF0YWJhc2VzLyhkZWZhdWx0KS9jb2xsZWN0aW9uR3JvdXBzL3Jlc3VtZXMvaW5kZXhlcy9fEAEaCgoGdXNlcklkEAEaDQoJY3JlYXRlZEF0EAIaDAoIX19uYW1lX18QAg
    at GET (app/api/resumes/route.ts:94:7)
  92 |       .where('userId', '==', user.uid)
  93 |       .orderBy('createdAt', 'desc')
> 94 |       .get();
     |       ^
  95 |
  96 |     const resumes: Resume[] = [];
  97 |     snapshot.forEach((doc) => { {
  code: 9,
  details: 'The query requires an index. You can create it here: https://console.firebase.google.com/v1/r/project/myresume-457817/firestore/indexes?create_composite=Ck9wcm9qZWN0cy9teXJlc3VtZS00NTc4MTcvZGF0YWJhc2VzLyhkZWZhdWx0KS9jb2xsZWN0aW9uR3JvdXBzL3Jlc3VtZXMvaW5kZXhlcy9fEAEaCgoGdXNlcklkEAEaDQoJY3JlYXRlZEF0EAIaDAoIX19uYW1lX18QAg',
  metadata: [Metadata]
}
 GET /api/resumes 500 in 3823ms
 ✓ Compiled in 496ms (1197 modules)
 ✓ Compiled in 185ms (1197 modules)
 ✓ Compiled in 160ms (1197 modules)
 ✓ Compiled in 169ms (1197 modules)
 ✓ Compiled in 80ms (482 modules)
 ✓ Compiled in 148ms (1197 modules)
 ✓ Compiled in 70ms (482 modules)
 ✓ Compiled in 67ms (482 modules)
 ✓ Compiled in 72ms (482 modules)
 ✓ Compiled in 75ms (482 modules)
 ✓ Compiled in 77ms (482 modules)
 ✓ Compiled in 66ms (482 modules)
 ✓ Compiled in 71ms (482 modules)
 ✓ Compiled in 79ms (482 modules)
 ✓ Compiled in 65ms (482 modules)
 ✓ Compiled in 63ms (482 modules)
 ✓ Compiled in 85ms (482 modules)
 ✓ Compiled in 64ms (482 modules)
 ✓ Compiled in 65ms (482 modules)
 ✓ Compiled in 85ms (482 modules)
 ✓ Compiled in 64ms (482 modules)
 ✓ Compiled in 66ms (482 modules)
 ✓ Compiled in 71ms (482 modules)
 ✓ Compiled in 63ms (482 modules)
 ✓ Compiled in 69ms (482 modules)
 ✓ Compiled in 67ms (482 modules)
 ✓ Compiled in 63ms (482 modules)
 ✓ Compiled in 75ms (482 modules)
 ✓ Compiled in 115ms (1183 modules)
 ✓ Compiled in 143ms (1197 modules)
 GET /resumes 200 in 283ms
 ✓ Compiled /_not-found in 213ms (1187 modules)
 GET /.well-known/appspecific/com.chrome.devtools.json 404 in 388ms
 ✓ Compiled /api/resumes in 241ms (1092 modules)
GET /api/resumes - Starting request
Firebase Admin already initialized
User authenticated: pmlvQ4Y2J6a8l8SeXLCCtZujFkK2
Firebase Admin already initialized
Querying resumes for user: pmlvQ4Y2J6a8l8SeXLCCtZujFkK2
Get resumes error: Error: 9 FAILED_PRECONDITION: The query requires an index. That index is currently building and cannot be used yet. See its status here: https://console.firebase.google.com/v1/r/project/myresume-457817/firestore/indexes?create_composite=Clpwcm9qZWN0cy9teXJlc3VtZS00NTc4MTcvZGF0YWJhc2VzLyhkZWZhdWx0KS9jb2xsZWN0aW9uR3JvdXBzL3Jlc3VtZXMvaW5kZXhlcy9DSUNBZ0ppVXBvTUsQARoKCgZ1c2VySWQQARoNCgljcmVhdGVkQXQQAhoMCghfX25hbWVfXxAC
    at GET (app/api/resumes/route.ts:94:7)
  92 |       .where('userId', '==', user.uid)
  93 |       .orderBy('createdAt', 'desc')
> 94 |       .get();
     |       ^
  95 |
  96 |     const resumes: Resume[] = [];
  97 |     snapshot.forEach((doc) => { {
  code: 9,
  details: 'The query requires an index. That index is currently building and cannot be used yet. See its status here: https://console.firebase.google.com/v1/r/project/myresume-457817/firestore/indexes?create_composite=Clpwcm9qZWN0cy9teXJlc3VtZS00NTc4MTcvZGF0YWJhc2VzLyhkZWZhdWx0KS9jb2xsZWN0aW9uR3JvdXBzL3Jlc3VtZXMvaW5kZXhlcy9DSUNBZ0ppVXBvTUsQARoKCgZ1c2VySWQQARoNCgljcmVhdGVkQXQQAhoMCghfX25hbWVfXxAC',
  metadata: [Metadata]
}
 GET /api/resumes 500 in 649ms
 GET /resumes 200 in 159ms
 GET /.well-known/appspecific/com.chrome.devtools.json 404 in 16ms
GET /api/resumes - Starting request
Firebase Admin already initialized
User authenticated: pmlvQ4Y2J6a8l8SeXLCCtZujFkK2
Firebase Admin already initialized
Querying resumes for user: pmlvQ4Y2J6a8l8SeXLCCtZujFkK2
Get resumes error: Error: 9 FAILED_PRECONDITION: The query requires an index. That index is currently building and cannot be used yet. See its status here: https://console.firebase.google.com/v1/r/project/myresume-457817/firestore/indexes?create_composite=Clpwcm9qZWN0cy9teXJlc3VtZS00NTc4MTcvZGF0YWJhc2VzLyhkZWZhdWx0KS9jb2xsZWN0aW9uR3JvdXBzL3Jlc3VtZXMvaW5kZXhlcy9DSUNBZ0ppVXBvTUsQARoKCgZ1c2VySWQQARoNCgljcmVhdGVkQXQQAhoMCghfX25hbWVfXxAC
    at GET (app/api/resumes/route.ts:94:7)
  92 |       .where('userId', '==', user.uid)
  93 |       .orderBy('createdAt', 'desc')
> 94 |       .get();
     |       ^
  95 |
  96 |     const resumes: Resume[] = [];
  97 |     snapshot.forEach((doc) => { {
  code: 9,
  details: 'The query requires an index. That index is currently building and cannot be used yet. See its status here: https://console.firebase.google.com/v1/r/project/myresume-457817/firestore/indexes?create_composite=Clpwcm9qZWN0cy9teXJlc3VtZS00NTc4MTcvZGF0YWJhc2VzLyhkZWZhdWx0KS9jb2xsZWN0aW9uR3JvdXBzL3Jlc3VtZXMvaW5kZXhlcy9DSUNBZ0ppVXBvTUsQARoKCgZ1c2VySWQQARoNCgljcmVhdGVkQXQQAhoMCghfX25hbWVfXxAC',
  metadata: [Metadata]
}
 GET /api/resumes 500 in 126ms
 ✓ Compiled in 311ms (1577 modules)
 GET /resumes 200 in 49ms
 ✓ Compiled in 82ms (482 modules)
 GET /resumes 200 in 6ms
 ✓ Compiled in 120ms (1197 modules)
 GET /resumes 200 in 71ms
 ✓ Compiled in 94ms (482 modules)
 GET /resumes 200 in 7ms
 ✓ Compiled in 77ms (482 modules)
 GET /resumes 200 in 8ms
 ✓ Compiled in 82ms (482 modules)
 GET /resumes 200 in 6ms
 ✓ Compiled in 73ms (482 modules)
 GET /resumes 200 in 8ms
 GET /resumes 200 in 30ms
 ✓ Compiled in 79ms (1183 modules)
 GET /resumes 200 in 44ms
 ✓ Compiled in 187ms (1197 modules)
 GET /resumes 200 in 32ms
 ✓ Compiled /api/health in 272ms (1205 modules)
Initializing Firebase Admin...
Trying to read Firebase service account from local file
Failed to read service account file: Error: The default Firebase app already exists. This means you called initializeApp() more than once without providing an app name as the second argument. In most cases you only need to call initializeApp() once. But if you do want to initialize multiple apps, pass a second argument to initializeApp() to give each app a unique name.
    at initFirebaseAdmin (lib/firebase-admin-init.ts:42:22)
    at GET (app/api/health/route.ts:6:46)
  40 |       try {
  41 |         const serviceAccount = require('@/service-account-key.json');
> 42 |         initializeApp({
     |                      ^
  43 |           credential: cert(serviceAccount),
  44 |           projectId: projectId,
  45 |         }); {
  errorInfo: [Object],
  codePrefix: 'app'
}
Firebase Admin initialization failed - no service account found
 GET /api/health 200 in 355ms
 ✓ Compiled /api/debug-resumes in 82ms (1209 modules)
Debug resumes endpoint called
Firebase Admin already initialized
User authenticated: pmlvQ4Y2J6a8l8SeXLCCtZujFkK2
Got Firestore instance
Query executed, docs found: 2
 GET /api/debug-resumes 200 in 688ms
 GET /resumes 200 in 226ms
 ✓ Compiled /_not-found in 113ms (1213 modules)
 GET /.well-known/appspecific/com.chrome.devtools.json 404 in 290ms
 ✓ Compiled /api/resumes in 185ms (1097 modules)
GET /api/resumes - Starting request
Initializing Firebase Admin...
Trying to read Firebase service account from local file
Failed to read service account file: Error: The default Firebase app already exists. This means you called initializeApp() more than once without providing an app name as the second argument. In most cases you only need to call initializeApp() once. But if you do want to initialize multiple apps, pass a second argument to initializeApp() to give each app a unique name.
    at initFirebaseAdmin (lib/firebase-admin-init.ts:42:22)
    at getAuthenticatedUser (app/api/resumes/route.ts:23:46)
    at GET (app/api/resumes/route.ts:44:23)
  40 |       try {
  41 |         const serviceAccount = require('@/service-account-key.json');
> 42 |         initializeApp({
     |                      ^
  43 |           credential: cert(serviceAccount),
  44 |           projectId: projectId,
  45 |         }); {
  errorInfo: [Object],
  codePrefix: 'app'
}
Firebase Admin initialization failed - no service account found
Firebase Admin initialization failed
Authentication failed
 GET /api/resumes 401 in 258ms
 GET /resumes 200 in 31ms
 ✓ Compiled in 212ms (1197 modules)
 GET /resumes 200 in 65ms
 ✓ Compiled in 81ms (482 modules)
 GET /resumes 200 in 6ms
 ✓ Compiled in 74ms (482 modules)
 GET /resumes 200 in 7ms
 ✓ Compiled in 78ms (482 modules)
 GET /resumes 200 in 8ms
 ✓ Compiled in 78ms (482 modules)
 GET /resumes 200 in 6ms
 ✓ Compiled in 72ms (482 modules)
 GET /resumes 200 in 6ms
 GET /resumes 200 in 220ms
 ✓ Compiled /_not-found in 187ms (1201 modules)
 GET /.well-known/appspecific/com.chrome.devtools.json 404 in 355ms
 ✓ Compiled /api/resumes in 96ms (1093 modules)
GET /api/resumes - Starting request
Authorization header: Bearer eyJhbGciOiJSU...
Initializing Firebase Admin...
Trying to read Firebase service account from local file
Failed to read service account file: Error: The default Firebase app already exists. This means you called initializeApp() more than once without providing an app name as the second argument. In most cases you only need to call initializeApp() once. But if you do want to initialize multiple apps, pass a second argument to initializeApp() to give each app a unique name.
    at initFirebaseAdmin (lib/firebase-admin-init.ts:42:22)
    at getAuthenticatedUser (app/api/resumes/route.ts:23:46)
    at GET (app/api/resumes/route.ts:45:29)
  40 |       try {
  41 |         const serviceAccount = require('@/service-account-key.json');
> 42 |         initializeApp({
     |                      ^
  43 |           credential: cert(serviceAccount),
  44 |           projectId: projectId,
  45 |         }); {
  errorInfo: [Object],
  codePrefix: 'app'
}
Firebase Admin initialization failed - no service account found
Firebase Admin initialization failed
Auth result: Failed
Authentication failed - no authResult
 GET /api/resumes 401 in 169ms
 GET /resumes 200 in 110ms
 GET /resumes 200 in 136ms
 GET /.well-known/appspecific/com.chrome.devtools.json 404 in 17ms
GET /api/resumes - Starting request
Authorization header: Bearer eyJhbGciOiJSU...
Initializing Firebase Admin...
Trying to read Firebase service account from local file
Failed to read service account file: Error: The default Firebase app already exists. This means you called initializeApp() more than once without providing an app name as the second argument. In most cases you only need to call initializeApp() once. But if you do want to initialize multiple apps, pass a second argument to initializeApp() to give each app a unique name.
    at initFirebaseAdmin (lib/firebase-admin-init.ts:42:22)
    at getAuthenticatedUser (app/api/resumes/route.ts:23:46)
    at GET (app/api/resumes/route.ts:45:29)
  40 |       try {
  41 |         const serviceAccount = require('@/service-account-key.json');
> 42 |         initializeApp({
     |                      ^
  43 |           credential: cert(serviceAccount),
  44 |           projectId: projectId,
  45 |         }); {
  errorInfo: [Object],
  codePrefix: 'app'
}
Firebase Admin initialization failed - no service account found
Firebase Admin initialization failed
Auth result: Failed
Authentication failed - no authResult
 GET /api/resumes 401 in 22ms
[?25h
